#
# There is insufficient memory for the Java Runtime Environment to continue.
# Native memory allocation (malloc) failed to allocate 45616 bytes for Chunk::new
# Possible reasons:
#   The system is out of physical RAM or swap space
#   The process is running with CompressedOops enabled, and the Java Heap may be blocking the growth of the native heap
# Possible solutions:
#   Reduce memory load on the system
#   Increase physical memory or swap space
#   Check if swap backing store is full
#   Decrease Java heap size (-Xmx/-Xms)
#   Decrease number of Java threads
#   Decrease Java thread stack sizes (-Xss)
#   Set larger code cache with -XX:ReservedCodeCacheSize=
#
#  Out of Memory ErrorHost: Intel(R) Core(TM) i7-4790 CPU @ 3.60GHz, 8 cores, 15G,  Windows 10 , 64 bit Build 19041 (10.0.19041.1151)
Time: Tue Aug 17 10:05:47 2021 Nepal Standard Time elapsed time: 136 seconds (0d 0h 2m 16s)

---------------  T H R E A D  ---------------

Current thread (0x000002709b2d4800):  JavaThread "C2 CompilerThread0" daemon [_thread_in_native, id=11004, stack(0x000000c547c00000,0x000000c547d00000)]


Current CompileTask:
C2: 136861 4299       4       java.util.concurrent.locks.ReentrantLock::lock (9 bytes)

Stack: [0x000000c547c00000,0x000000c547d00000]
Native frames: (J=compiled Java code, j=interpreted, Vv=VM code, C=native code)
V  [jvm.dll+0x5de50a]
V  [jvm.dll+0x7122f5]
V  [jvm.dll+0x71384d]
V  [jvm.dll+0x713f03]
V  [jvm.dll+0x23e728]
V  [jvm.dll+0xb899c]
V  [jvm.dll+0xb8e9c]
V  [jvm.dll+0x2b20e4]
V  [jvm.dll+0x502098]
V  [jvm.dll+0x1f8cde]
V  [jvm.dll+0x1f685f]
V  [jvm.dll+0x17f32c]
V  [jvm.dll+0x205047]
V  [jvm.dll+0x203891]
V  [jvm.dll+0x6dad3f]
V  [jvm.dll+0x6d3895]
V  [jvm.dll+0x5dd4a6]
C  [ucrtbase.dll+0x21bb2]
C  [KERNEL32.DLL+0x17034]
C  [ntdll.dll+0x52651]


---------------  P R O C E S S  ---------------

Threads class SMR info:
_java_thread_list=0x000002709d957f50, length=37, elements={
0x00000270ff0bb800, 0x000002709b270000, 0x000002709b271000, 0x000002709b2d2800,
0x000002709b2d3800, 0x000002709b2d4800, 0x000002709b2e5800, 0x000002709b2e6800,
0x000002709b446800, 0x000002709b472000, 0x000002709c891000, 0x000002709e347000,
0x000002709ce11800, 0x000002709d41b800, 0x000002709db23000, 0x000002709c6b2800,
0x000002709b8cf000, 0x000002709dd93000, 0x000002709ce2e800, 0x000002709eef6000,
0x000002709eef6800, 0x000002709eef2000, 0x000002709eef2800, 0x000002709eef7800,
0x000002709eef4800, 0x000002709eef8800, 0x000002709eef5000, 0x000002709dcc7800,
0x000002709dcc7000, 0x000002709dcc8800, 0x000002709dccb000, 0x000002709dccc000,
0x000002709dcc6000, 0x000002709dcd1800, 0x000002709dccf000, 0x000002709dccc800,
0x000002709dcd3000
}

Java Threads: ( => current thread )
  0x00000270ff0bb800 JavaThread "main" [_thread_blocked, id=14852, stack(0x000000c547100000,0x000000c547200000)]
  0x000002709b270000 JavaThread "Reference Handler" daemon [_thread_blocked, id=15276, stack(0x000000c547800000,0x000000c547900000)]
  0x000002709b271000 JavaThread "Finalizer" daemon [_thread_blocked, id=10508, stack(0x000000c547900000,0x000000c547a00000)]
  0x000002709b2d2800 JavaThread "Signal Dispatcher" daemon [_thread_blocked, id=3136, stack(0x000000c547a00000,0x000000c547b00000)]
  0x000002709b2d3800 JavaThread "Attach Listener" daemon [_thread_blocked, id=12200, stack(0x000000c547b00000,0x000000c547c00000)]
=>0x000002709b2d4800 JavaThread "C2 CompilerThread0" daemon [_thread_in_native, id=11004, stack(0x000000c547c00000,0x000000c547d00000)]
  0x000002709b2e5800 JavaThread "C1 CompilerThread0" daemon [_thread_blocked, id=5328, stack(0x000000c547d00000,0x000000c547e00000)]
  0x000002709b2e6800 JavaThread "Sweeper thread" daemon [_thread_blocked, id=4432, stack(0x000000c547e00000,0x000000c547f00000)]
  0x000002709b446800 JavaThread "Common-Cleaner" daemon [_thread_blocked, id=9372, stack(0x000000c547f00000,0x000000c548000000)]
  0x000002709b472000 JavaThread "Service Thread" daemon [_thread_blocked, id=12296, stack(0x000000c548000000,0x000000c548100000)]
  0x000002709c891000 JavaThread "Daemon health stats" [_thread_blocked, id=14940, stack(0x000000c548900000,0x000000c548a00000)]
  0x000002709e347000 JavaThread "Incoming local TCP Connector on port 55457" [_thread_in_native, id=14492, stack(0x000000c548c00000,0x000000c548d00000)]
  0x000002709ce11800 JavaThread "Daemon periodic checks" [_thread_blocked, id=12772, stack(0x000000c548d00000,0x000000c548e00000)]
  0x000002709d41b800 JavaThread "Daemon" [_thread_blocked, id=11364, stack(0x000000c548e00000,0x000000c548f00000)]
  0x000002709db23000 JavaThread "Handler for socket connection from /127.0.0.1:55457 to /127.0.0.1:55458" [_thread_in_native, id=5784, stack(0x000000c548f00000,0x000000c549000000)]
  0x000002709c6b2800 JavaThread "Cancel handler" [_thread_blocked, id=13356, stack(0x000000c549000000,0x000000c549100000)]
  0x000002709b8cf000 JavaThread "Daemon worker" [_thread_blocked, id=4024, stack(0x000000c549100000,0x000000c549200000)]
  0x000002709dd93000 JavaThread "Asynchronous log dispatcher for DefaultDaemonConnection: socket connection from /127.0.0.1:55457 to /127.0.0.1:55458" [_thread_blocked, id=15040, stack(0x000000c549200000,0x000000c549300000)]
  0x000002709ce2e800 JavaThread "Thread-8" [_thread_blocked, id=8320, stack(0x000000c549400000,0x000000c549500000)]
  0x000002709eef6000 JavaThread "Cache worker for file hash cache (C:\Users\Vussan\.gradle\caches\6.7.1\fileHashes)" [_thread_blocked, id=13320, stack(0x000000c548700000,0x000000c548800000)]
  0x000002709eef6800 JavaThread "File lock request listener" [_thread_in_native, id=1288, stack(0x000000c548800000,0x000000c548900000)]
  0x000002709eef2000 JavaThread "Cache worker for journal cache (C:\Users\Vussan\.gradle\caches\journal-1)" [_thread_blocked, id=7144, stack(0x000000c549800000,0x000000c549900000)]
  0x000002709eef2800 JavaThread "Cache worker for file hash cache (E:\SoaniTechMvp\soanitravel-mvp-android\.gradle\6.7.1\fileHashes)" [_thread_blocked, id=6408, stack(0x000000c549900000,0x000000c549a00000)]
  0x000002709eef7800 JavaThread "Cache worker for checksums cache (E:\SoaniTechMvp\soanitravel-mvp-android\.gradle\checksums)" [_thread_blocked, id=14928, stack(0x000000c549a00000,0x000000c549b00000)]
  0x000002709eef4800 JavaThread "Cache worker for cache directory md-supplier (C:\Users\Vussan\.gradle\caches\6.7.1\md-supplier)" [_thread_blocked, id=6524, stack(0x000000c549b00000,0x000000c549c00000)]
  0x000002709eef8800 JavaThread "Cache worker for cache directory md-rule (C:\Users\Vussan\.gradle\caches\6.7.1\md-rule)" [_thread_blocked, id=7820, stack(0x000000c549c00000,0x000000c549d00000)]
  0x000002709eef5000 JavaThread "Cache worker for execution history cache (C:\Users\Vussan\.gradle\caches\6.7.1\executionHistory)" [_thread_blocked, id=8872, stack(0x000000c549d00000,0x000000c549e00000)]
  0x000002709dcc7800 JavaThread "Cache worker for file content cache (C:\Users\Vussan\.gradle\caches\6.7.1\fileContent)" [_thread_blocked, id=14484, stack(0x000000c549f00000,0x000000c54a000000)]
  0x000002709dcc7000 JavaThread "Cache worker for Build Output Cleanup Cache (E:\SoaniTechMvp\soanitravel-mvp-android\.gradle\buildOutputCleanup)" [_thread_blocked, id=6196, stack(0x000000c546e00000,0x000000c546f00000)]
  0x000002709dcc8800 JavaThread "Build operations" [_thread_blocked, id=5836, stack(0x000000c546f00000,0x000000c547000000)]
  0x000002709dccb000 JavaThread "Build operations Thread 2" [_thread_blocked, id=6456, stack(0x000000c547000000,0x000000c547100000)]
  0x000002709dccc000 JavaThread "Build operations Thread 3" [_thread_blocked, id=12068, stack(0x000000c549300000,0x000000c549400000)]
  0x000002709dcc6000 JavaThread "Build operations Thread 4" [_thread_blocked, id=12308, stack(0x000000c54a000000,0x000000c54a100000)]
  0x000002709dcd1800 JavaThread "Build operations Thread 5" [_thread_blocked, id=912, stack(0x000000c54a100000,0x000000c54a200000)]
  0x000002709dccf000 JavaThread "Build operations Thread 6" [_thread_blocked, id=15048, stack(0x000000c54a200000,0x000000c54a300000)]
  0x000002709dccc800 JavaThread "Build operations Thread 7" [_thread_blocked, id=2560, stack(0x000000c54a300000,0x000000c54a400000)]
  0x000002709dcd3000 JavaThread "Build operations Thread 8" [_thread_blocked, id=4156, stack(0x000000c54a400000,0x000000c54a500000)]

Other Threads:
  0x000002709b26b800 VMThread "VM Thread" [stack: 0x000000c547700000,0x000000c547800000] [id=13980]
  0x000002709b473000 WatcherThread [stack: 0x000000c548100000,0x000000c548200000] [id=5796]
  0x00000270ff0d3000 GCTaskThread "GC Thread#0" [stack: 0x000000c547200000,0x000000c547300000] [id=10032]
  0x000002709bf9b000 GCTaskThread "GC Thread#1" [stack: 0x000000c548200000,0x000000c548300000] [id=4984]
  0x000002709bf9b800 GCTaskThread "GC Thread#2" [stack: 0x000000c548300000,0x000000c548400000] [id=14596]
  0x000002709bf3e800 GCTaskThread "GC Thread#3" [stack: 0x000000c548400000,0x000000c548500000] [id=13792]
  0x000002709bf3f800 GCTaskThread "GC Thread#4" [stack: 0x000000c548500000,0x000000c548600000] [id=10960]
  0x000002709c050800 GCTaskThread "GC Thread#5" [stack: 0x000000c548600000,0x000000c548700000] [id=7232]
  0x000002709e6fa800 GCTaskThread "GC Thread#6" [stack: 0x000000c549500000,0x000000c549600000] [id=14328]
  0x000002709dd92800 GCTaskThread "GC Thread#7" [stack: 0x000000c549600000,0x000000c549700000] [id=8596]
  0x00000270ff104000 ConcurrentGCThread "G1 Main Marker" [stack: 0x000000c547300000,0x000000c547400000] [id=9060]
  0x00000270ff106000 ConcurrentGCThread "G1 Conc#0" [stack: 0x000000c547400000,0x000000c547500000] [id=15108]
  0x000002709da17000 ConcurrentGCThread "G1 Conc#1" [stack: 0x000000c549700000,0x000000c549800000] [id=6820]
  0x00000270ff19d800 ConcurrentGCThread "G1 Refine#0" [stack: 0x000000c547500000,0x000000c547600000] [id=10100]
  0x000002709a8ba800 ConcurrentGCThread "G1 Young RemSet Sampling" [stack: 0x000000c547600000,0x000000c547700000] [id=13328]

Threads with active compile tasks:
C2 CompilerThread0 139898 4299       4       java.util.concurrent.locks.ReentrantLock::lock (9 bytes)

VM state:not at safepoint (normal execution)

VM Mutex/Monitor currently owned by a thread: None

OutOfMemory and StackOverflow Exception counts:
StackOverflowErrors=1
LinkageErrors=70

Heap address: 0x0000000080000000, size: 2048 MB, Compressed Oops mode: 32-bit
Narrow klass base: 0x0000000000000000, Narrow klass shift: 3
Compressed class space size: 1073741824 Address: 0x0000000100000000

Heap:
 garbage-first heap   total 262144K, used 32434K [0x0000000080000000, 0x0000000100000000)
  region size 1024K, 17 young (17408K), 11 survivors (11264K)
 Metaspace       used 44320K, capacity 45391K, committed 45568K, reserved 1089536K
  class space    used 5675K, capacity 6053K, committed 6144K, reserved 1048576K
Heap Regions: E=young(eden), S=young(survivor), O=old, HS=humongous(starts), HC=humongous(continues), CS=collection set, F=free, A=archive, TAMS=top-at-mark-start (previous, next)
|   0|0x0000000080000000, 0x0000000080100000, 0x0000000080100000|100%| O|  |TAMS 0x0000000080100000, 0x0000000080000000| Untracked 
|   1|0x0000000080100000, 0x0000000080200000, 0x0000000080200000|100%| O|  |TAMS 0x0000000080200000, 0x0000000080100000| Untracked 
|   2|0x0000000080200000, 0x0000000080300000, 0x0000000080300000|100%| O|  |TAMS 0x0000000080300000, 0x0000000080200000| Untracked 
|   3|0x0000000080300000, 0x0000000080400000, 0x0000000080400000|100%|HS|  |TAMS 0x0000000080400000, 0x0000000080300000| Complete 
|   4|0x0000000080400000, 0x0000000080500000, 0x0000000080500000|100%|HC|  |TAMS 0x0000000080500000, 0x0000000080400000| Complete 
|   5|0x0000000080500000, 0x0000000080600000, 0x0000000080600000|100%|HC|  |TAMS 0x0000000080600000, 0x0000000080500000| Complete 
|   6|0x0000000080600000, 0x0000000080700000, 0x0000000080700000|100%| O|  |TAMS 0x0000000080700000, 0x0000000080600000| Untracked 
|   7|0x0000000080700000, 0x0000000080800000, 0x0000000080800000|100%| O|  |TAMS 0x0000000080800000, 0x0000000080700000| Untracked 
|   8|0x0000000080800000, 0x0000000080900000, 0x0000000080900000|100%| O|  |TAMS 0x0000000080900000, 0x0000000080800000| Untracked 
|   9|0x0000000080900000, 0x0000000080a00000, 0x0000000080a00000|100%| O|  |TAMS 0x0000000080a00000, 0x0000000080900000| Untracked 
|  10|0x0000000080a00000, 0x0000000080b00000, 0x0000000080b00000|100%| O|  |TAMS 0x0000000080b00000, 0x0000000080a00000| Untracked 
|  11|0x0000000080b00000, 0x0000000080c00000, 0x0000000080c00000|100%| O|  |TAMS 0x0000000080c00000, 0x0000000080b00000| Untracked 
|  12|0x0000000080c00000, 0x0000000080d00000, 0x0000000080d00000|100%| O|  |TAMS 0x0000000080d00000, 0x0000000080c00000| Untracked 
|  13|0x0000000080d00000, 0x0000000080e00000, 0x0000000080e00000|100%| O|  |TAMS 0x0000000080e00000, 0x0000000080d00000| Untracked 
|  14|0x0000000080e00000, 0x0000000080f00000, 0x0000000080f00000|100%| O|  |TAMS 0x0000000080f00000, 0x0000000080e00000| Untracked 
|  15|0x0000000080f00000, 0x0000000080fd3a00, 0x0000000081000000| 82%| O|  |TAMS 0x0000000080fd3a00, 0x0000000080f00000| Untracked 
|  16|0x0000000081000000, 0x0000000081000000, 0x0000000081100000|  0%| F|  |TAMS 0x0000000081000000, 0x0000000081000000| Untracked 
|  17|0x0000000081100000, 0x0000000081100000, 0x0000000081200000|  0%| F|  |TAMS 0x0000000081100000, 0x0000000081100000| Untracked 
|  18|0x0000000081200000, 0x0000000081200000, 0x0000000081300000|  0%| F|  |TAMS 0x0000000081200000, 0x0000000081200000| Untracked 
|  19|0x0000000081300000, 0x0000000081300000, 0x0000000081400000|  0%| F|  |TAMS 0x0000000081300000, 0x0000000081300000| Untracked 
|  20|0x0000000081400000, 0x0000000081400000, 0x0000000081500000|  0%| F|  |TAMS 0x0000000081400000, 0x0000000081400000| Untracked 
|  21|0x0000000081500000, 0x0000000081500000, 0x0000000081600000|  0%| F|  |TAMS 0x0000000081500000, 0x0000000081500000| Untracked 
|  22|0x0000000081600000, 0x0000000081600000, 0x0000000081700000|  0%| F|  |TAMS 0x0000000081600000, 0x0000000081600000| Untracked 
|  23|0x0000000081700000, 0x0000000081700000, 0x0000000081800000|  0%| F|  |TAMS 0x0000000081700000, 0x0000000081700000| Untracked 
|  24|0x0000000081800000, 0x0000000081800000, 0x0000000081900000|  0%| F|  |TAMS 0x0000000081800000, 0x0000000081800000| Untracked 
|  25|0x0000000081900000, 0x0000000081900000, 0x0000000081a00000|  0%| F|  |TAMS 0x0000000081900000, 0x0000000081900000| Untracked 
|  26|0x0000000081a00000, 0x0000000081a00000, 0x0000000081b00000|  0%| F|  |TAMS 0x0000000081a00000, 0x0000000081a00000| Untracked 
|  27|0x0000000081b00000, 0x0000000081b00000, 0x0000000081c00000|  0%| F|  |TAMS 0x0000000081b00000, 0x0000000081b00000| Untracked 
|  28|0x0000000081c00000, 0x0000000081c00000, 0x0000000081d00000|  0%| F|  |TAMS 0x0000000081c00000, 0x0000000081c00000| Untracked 
|  29|0x0000000081d00000, 0x0000000081d00000, 0x0000000081e00000|  0%| F|  |TAMS 0x0000000081d00000, 0x0000000081d00000| Untracked 
|  30|0x0000000081e00000, 0x0000000081e00000, 0x0000000081f00000|  0%| F|  |TAMS 0x0000000081e00000, 0x0000000081e00000| Untracked 
|  31|0x0000000081f00000, 0x0000000081f00000, 0x0000000082000000|  0%| F|  |TAMS 0x0000000081f00000, 0x0000000081f00000| Untracked 
|  32|0x0000000082000000, 0x0000000082000000, 0x0000000082100000|  0%| F|  |TAMS 0x0000000082000000, 0x0000000082000000| Untracked 
|  33|0x0000000082100000, 0x0000000082100000, 0x0000000082200000|  0%| F|  |TAMS 0x0000000082100000, 0x0000000082100000| Untracked 
|  34|0x0000000082200000, 0x0000000082200000, 0x0000000082300000|  0%| F|  |TAMS 0x0000000082200000, 0x0000000082200000| Untracked 
|  35|0x0000000082300000, 0x0000000082300000, 0x0000000082400000|  0%| F|  |TAMS 0x0000000082300000, 0x0000000082300000| Untracked 
|  36|0x0000000082400000, 0x0000000082400000, 0x0000000082500000|  0%| F|  |TAMS 0x0000000082400000, 0x0000000082400000| Untracked 
|  37|0x0000000082500000, 0x0000000082500000, 0x0000000082600000|  0%| F|  |TAMS 0x0000000082500000, 0x0000000082500000| Untracked 
|  38|0x0000000082600000, 0x0000000082600000, 0x0000000082700000|  0%| F|  |TAMS 0x0000000082600000, 0x0000000082600000| Untracked 
|  39|0x0000000082700000, 0x0000000082700000, 0x0000000082800000|  0%| F|  |TAMS 0x0000000082700000, 0x0000000082700000| Untracked 
|  40|0x0000000082800000, 0x0000000082800000, 0x0000000082900000|  0%| F|  |TAMS 0x0000000082800000, 0x0000000082800000| Untracked 
|  41|0x0000000082900000, 0x0000000082900000, 0x0000000082a00000|  0%| F|  |TAMS 0x0000000082900000, 0x0000000082900000| Untracked 
|  42|0x0000000082a00000, 0x0000000082a00000, 0x0000000082b00000|  0%| F|  |TAMS 0x0000000082a00000, 0x0000000082a00000| Untracked 
|  43|0x0000000082b00000, 0x0000000082b00000, 0x0000000082c00000|  0%| F|  |TAMS 0x0000000082b00000, 0x0000000082b00000| Untracked 
|  44|0x0000000082c00000, 0x0000000082c00000, 0x0000000082d00000|  0%| F|  |TAMS 0x0000000082c00000, 0x0000000082c00000| Untracked 
|  45|0x0000000082d00000, 0x0000000082d00000, 0x0000000082e00000|  0%| F|  |TAMS 0x0000000082d00000, 0x0000000082d00000| Untracked 
|  46|0x0000000082e00000, 0x0000000082e00000, 0x0000000082f00000|  0%| F|  |TAMS 0x0000000082e00000, 0x0000000082e00000| Untracked 
|  47|0x0000000082f00000, 0x0000000082f00000, 0x0000000083000000|  0%| F|  |TAMS 0x0000000082f00000, 0x0000000082f00000| Untracked 
|  48|0x0000000083000000, 0x0000000083000000, 0x0000000083100000|  0%| F|  |TAMS 0x0000000083000000, 0x0000000083000000| Untracked 
|  49|0x0000000083100000, 0x0000000083100000, 0x0000000083200000|  0%| F|  |TAMS 0x0000000083100000, 0x0000000083100000| Untracked 
|  50|0x0000000083200000, 0x0000000083200000, 0x0000000083300000|  0%| F|  |TAMS 0x0000000083200000, 0x0000000083200000| Untracked 
|  51|0x0000000083300000, 0x0000000083300000, 0x0000000083400000|  0%| F|  |TAMS 0x0000000083300000, 0x0000000083300000| Untracked 
|  52|0x0000000083400000, 0x0000000083400000, 0x0000000083500000|  0%| F|  |TAMS 0x0000000083400000, 0x0000000083400000| Untracked 
|  53|0x0000000083500000, 0x0000000083500000, 0x0000000083600000|  0%| F|  |TAMS 0x0000000083500000, 0x0000000083500000| Untracked 
|  54|0x0000000083600000, 0x0000000083600000, 0x0000000083700000|  0%| F|  |TAMS 0x0000000083600000, 0x0000000083600000| Untracked 
|  55|0x0000000083700000, 0x0000000083700000, 0x0000000083800000|  0%| F|  |TAMS 0x0000000083700000, 0x0000000083700000| Untracked 
|  56|0x0000000083800000, 0x0000000083800000, 0x0000000083900000|  0%| F|  |TAMS 0x0000000083800000, 0x0000000083800000| Untracked 
|  57|0x0000000083900000, 0x0000000083900000, 0x0000000083a00000|  0%| F|  |TAMS 0x0000000083900000, 0x0000000083900000| Untracked 
|  58|0x0000000083a00000, 0x0000000083a00000, 0x0000000083b00000|  0%| F|  |TAMS 0x0000000083a00000, 0x0000000083a00000| Untracked 
|  59|0x0000000083b00000, 0x0000000083b00000, 0x0000000083c00000|  0%| F|  |TAMS 0x0000000083b00000, 0x0000000083b00000| Untracked 
|  60|0x0000000083c00000, 0x0000000083c00000, 0x0000000083d00000|  0%| F|  |TAMS 0x0000000083c00000, 0x0000000083c00000| Untracked 
|  61|0x0000000083d00000, 0x0000000083d00000, 0x0000000083e00000|  0%| F|  |TAMS 0x0000000083d00000, 0x0000000083d00000| Untracked 
|  62|0x0000000083e00000, 0x0000000083e00000, 0x0000000083f00000|  0%| F|  |TAMS 0x0000000083e00000, 0x0000000083e00000| Untracked 
|  63|0x0000000083f00000, 0x0000000083f00000, 0x0000000084000000|  0%| F|  |TAMS 0x0000000083f00000, 0x0000000083f00000| Untracked 
|  64|0x0000000084000000, 0x0000000084000000, 0x0000000084100000|  0%| F|  |TAMS 0x0000000084000000, 0x0000000084000000| Untracked 
|  65|0x0000000084100000, 0x0000000084100000, 0x0000000084200000|  0%| F|  |TAMS 0x0000000084100000, 0x0000000084100000| Untracked 
|  66|0x0000000084200000, 0x0000000084200000, 0x0000000084300000|  0%| F|  |TAMS 0x0000000084200000, 0x0000000084200000| Untracked 
|  67|0x0000000084300000, 0x0000000084300000, 0x0000000084400000|  0%| F|  |TAMS 0x0000000084300000, 0x0000000084300000| Untracked 
|  68|0x0000000084400000, 0x0000000084400000, 0x0000000084500000|  0%| F|  |TAMS 0x0000000084400000, 0x0000000084400000| Untracked 
|  69|0x0000000084500000, 0x0000000084500000, 0x0000000084600000|  0%| F|  |TAMS 0x0000000084500000, 0x0000000084500000| Untracked 
|  70|0x0000000084600000, 0x0000000084600000, 0x0000000084700000|  0%| F|  |TAMS 0x0000000084600000, 0x0000000084600000| Untracked 
|  71|0x0000000084700000, 0x0000000084700000, 0x0000000084800000|  0%| F|  |TAMS 0x0000000084700000, 0x0000000084700000| Untracked 
|  72|0x0000000084800000, 0x0000000084800000, 0x0000000084900000|  0%| F|  |TAMS 0x0000000084800000, 0x0000000084800000| Untracked 
|  73|0x0000000084900000, 0x0000000084900000, 0x0000000084a00000|  0%| F|  |TAMS 0x0000000084900000, 0x0000000084900000| Untracked 
|  74|0x0000000084a00000, 0x0000000084a00000, 0x0000000084b00000|  0%| F|  |TAMS 0x0000000084a00000, 0x0000000084a00000| Untracked 
|  75|0x0000000084b00000, 0x0000000084b00000, 0x0000000084c00000|  0%| F|  |TAMS 0x0000000084b00000, 0x0000000084b00000| Untracked 
|  76|0x0000000084c00000, 0x0000000084c00000, 0x0000000084d00000|  0%| F|  |TAMS 0x0000000084c00000, 0x0000000084c00000| Untracked 
|  77|0x0000000084d00000, 0x0000000084d00000, 0x0000000084e00000|  0%| F|  |TAMS 0x0000000084d00000, 0x0000000084d00000| Untracked 
|  78|0x0000000084e00000, 0x0000000084e00000, 0x0000000084f00000|  0%| F|  |TAMS 0x0000000084e00000, 0x0000000084e00000| Untracked 
|  79|0x0000000084f00000, 0x0000000084f00000, 0x0000000085000000|  0%| F|  |TAMS 0x0000000084f00000, 0x0000000084f00000| Untracked 
|  80|0x0000000085000000, 0x0000000085000000, 0x0000000085100000|  0%| F|  |TAMS 0x0000000085000000, 0x0000000085000000| Untracked 
|  81|0x0000000085100000, 0x0000000085100000, 0x0000000085200000|  0%| F|  |TAMS 0x0000000085100000, 0x0000000085100000| Untracked 
|  82|0x0000000085200000, 0x0000000085200000, 0x0000000085300000|  0%| F|  |TAMS 0x0000000085200000, 0x0000000085200000| Untracked 
|  83|0x0000000085300000, 0x0000000085300000, 0x0000000085400000|  0%| F|  |TAMS 0x0000000085300000, 0x0000000085300000| Untracked 
|  84|0x0000000085400000, 0x0000000085400000, 0x0000000085500000|  0%| F|  |TAMS 0x0000000085400000, 0x0000000085400000| Untracked 
|  85|0x0000000085500000, 0x0000000085500000, 0x0000000085600000|  0%| F|  |TAMS 0x0000000085500000, 0x0000000085500000| Untracked 
|  86|0x0000000085600000, 0x0000000085600000, 0x0000000085700000|  0%| F|  |TAMS 0x0000000085600000, 0x0000000085600000| Untracked 
|  87|0x0000000085700000, 0x0000000085700000, 0x0000000085800000|  0%| F|  |TAMS 0x0000000085700000, 0x0000000085700000| Untracked 
|  88|0x0000000085800000, 0x0000000085800000, 0x0000000085900000|  0%| F|  |TAMS 0x0000000085800000, 0x0000000085800000| Untracked 
|  89|0x0000000085900000, 0x0000000085900000, 0x0000000085a00000|  0%| F|  |TAMS 0x0000000085900000, 0x0000000085900000| Untracked 
|  90|0x0000000085a00000, 0x0000000085a00000, 0x0000000085b00000|  0%| F|  |TAMS 0x0000000085a00000, 0x0000000085a00000| Untracked 
|  91|0x0000000085b00000, 0x0000000085b00000, 0x0000000085c00000|  0%| F|  |TAMS 0x0000000085b00000, 0x0000000085b00000| Untracked 
|  92|0x0000000085c00000, 0x0000000085c00000, 0x0000000085d00000|  0%| F|  |TAMS 0x0000000085c00000, 0x0000000085c00000| Untracked 
|  93|0x0000000085d00000, 0x0000000085d00000, 0x0000000085e00000|  0%| F|  |TAMS 0x0000000085d00000, 0x0000000085d00000| Untracked 
|  94|0x0000000085e00000, 0x0000000085e00000, 0x0000000085f00000|  0%| F|  |TAMS 0x0000000085e00000, 0x0000000085e00000| Untracked 
|  95|0x0000000085f00000, 0x0000000085f00000, 0x0000000086000000|  0%| F|  |TAMS 0x0000000085f00000, 0x0000000085f00000| Untracked 
|  96|0x0000000086000000, 0x0000000086000000, 0x0000000086100000|  0%| F|  |TAMS 0x0000000086000000, 0x0000000086000000| Untracked 
|  97|0x0000000086100000, 0x0000000086100000, 0x0000000086200000|  0%| F|  |TAMS 0x0000000086100000, 0x0000000086100000| Untracked 
|  98|0x0000000086200000, 0x0000000086200000, 0x0000000086300000|  0%| F|  |TAMS 0x0000000086200000, 0x0000000086200000| Untracked 
|  99|0x0000000086300000, 0x0000000086300000, 0x0000000086400000|  0%| F|  |TAMS 0x0000000086300000, 0x0000000086300000| Untracked 
| 100|0x0000000086400000, 0x0000000086400000, 0x0000000086500000|  0%| F|  |TAMS 0x0000000086400000, 0x0000000086400000| Untracked 
| 101|0x0000000086500000, 0x0000000086500000, 0x0000000086600000|  0%| F|  |TAMS 0x0000000086500000, 0x0000000086500000| Untracked 
| 102|0x0000000086600000, 0x0000000086600000, 0x0000000086700000|  0%| F|  |TAMS 0x0000000086600000, 0x0000000086600000| Untracked 
| 103|0x0000000086700000, 0x0000000086700000, 0x0000000086800000|  0%| F|  |TAMS 0x0000000086700000, 0x0000000086700000| Untracked 
| 104|0x0000000086800000, 0x0000000086800000, 0x0000000086900000|  0%| F|  |TAMS 0x0000000086800000, 0x0000000086800000| Untracked 
| 105|0x0000000086900000, 0x0000000086900000, 0x0000000086a00000|  0%| F|  |TAMS 0x0000000086900000, 0x0000000086900000| Untracked 
| 106|0x0000000086a00000, 0x0000000086a00000, 0x0000000086b00000|  0%| F|  |TAMS 0x0000000086a00000, 0x0000000086a00000| Untracked 
| 107|0x0000000086b00000, 0x0000000086b00000, 0x0000000086c00000|  0%| F|  |TAMS 0x0000000086b00000, 0x0000000086b00000| Untracked 
| 108|0x0000000086c00000, 0x0000000086c00000, 0x0000000086d00000|  0%| F|  |TAMS 0x0000000086c00000, 0x0000000086c00000| Untracked 
| 109|0x0000000086d00000, 0x0000000086d00000, 0x0000000086e00000|  0%| F|  |TAMS 0x0000000086d00000, 0x0000000086d00000| Untracked 
| 110|0x0000000086e00000, 0x0000000086e00000, 0x0000000086f00000|  0%| F|  |TAMS 0x0000000086e00000, 0x0000000086e00000| Untracked 
| 111|0x0000000086f00000, 0x0000000086f00000, 0x0000000087000000|  0%| F|  |TAMS 0x0000000086f00000, 0x0000000086f00000| Untracked 
| 112|0x0000000087000000, 0x0000000087000000, 0x0000000087100000|  0%| F|  |TAMS 0x0000000087000000, 0x0000000087000000| Untracked 
| 113|0x0000000087100000, 0x0000000087100000, 0x0000000087200000|  0%| F|  |TAMS 0x0000000087100000, 0x0000000087100000| Untracked 
| 114|0x0000000087200000, 0x0000000087200000, 0x0000000087300000|  0%| F|  |TAMS 0x0000000087200000, 0x0000000087200000| Untracked 
| 115|0x0000000087300000, 0x0000000087300000, 0x0000000087400000|  0%| F|  |TAMS 0x0000000087300000, 0x0000000087300000| Untracked 
| 116|0x0000000087400000, 0x0000000087400000, 0x0000000087500000|  0%| F|  |TAMS 0x0000000087400000, 0x0000000087400000| Untracked 
| 117|0x0000000087500000, 0x0000000087500000, 0x0000000087600000|  0%| F|  |TAMS 0x0000000087500000, 0x0000000087500000| Untracked 
| 118|0x0000000087600000, 0x0000000087600000, 0x0000000087700000|  0%| F|  |TAMS 0x0000000087600000, 0x0000000087600000| Untracked 
| 119|0x0000000087700000, 0x0000000087700000, 0x0000000087800000|  0%| F|  |TAMS 0x0000000087700000, 0x0000000087700000| Untracked 
| 120|0x0000000087800000, 0x0000000087800000, 0x0000000087900000|  0%| F|  |TAMS 0x0000000087800000, 0x0000000087800000| Untracked 
| 121|0x0000000087900000, 0x0000000087900000, 0x0000000087a00000|  0%| F|  |TAMS 0x0000000087900000, 0x0000000087900000| Untracked 
| 122|0x0000000087a00000, 0x0000000087a00000, 0x0000000087b00000|  0%| F|  |TAMS 0x0000000087a00000, 0x0000000087a00000| Untracked 
| 123|0x0000000087b00000, 0x0000000087b00000, 0x0000000087c00000|  0%| F|  |TAMS 0x0000000087b00000, 0x0000000087b00000| Untracked 
| 124|0x0000000087c00000, 0x0000000087c00000, 0x0000000087d00000|  0%| F|  |TAMS 0x0000000087c00000, 0x0000000087c00000| Untracked 
| 125|0x0000000087d00000, 0x0000000087d00000, 0x0000000087e00000|  0%| F|  |TAMS 0x0000000087d00000, 0x0000000087d00000| Untracked 
| 126|0x0000000087e00000, 0x0000000087e00000, 0x0000000087f00000|  0%| F|  |TAMS 0x0000000087e00000, 0x0000000087e00000| Untracked 
| 127|0x0000000087f00000, 0x0000000087f00000, 0x0000000088000000|  0%| F|  |TAMS 0x0000000087f00000, 0x0000000087f00000| Untracked 
| 128|0x0000000088000000, 0x0000000088000000, 0x0000000088100000|  0%| F|  |TAMS 0x0000000088000000, 0x0000000088000000| Untracked 
| 129|0x0000000088100000, 0x0000000088100000, 0x0000000088200000|  0%| F|  |TAMS 0x0000000088100000, 0x0000000088100000| Untracked 
| 130|0x0000000088200000, 0x0000000088200000, 0x0000000088300000|  0%| F|  |TAMS 0x0000000088200000, 0x0000000088200000| Untracked 
| 131|0x0000000088300000, 0x0000000088300000, 0x0000000088400000|  0%| F|  |TAMS 0x0000000088300000, 0x0000000088300000| Untracked 
| 132|0x0000000088400000, 0x0000000088400000, 0x0000000088500000|  0%| F|  |TAMS 0x0000000088400000, 0x0000000088400000| Untracked 
| 133|0x0000000088500000, 0x0000000088500000, 0x0000000088600000|  0%| F|  |TAMS 0x0000000088500000, 0x0000000088500000| Untracked 
| 134|0x0000000088600000, 0x0000000088600000, 0x0000000088700000|  0%| F|  |TAMS 0x0000000088600000, 0x0000000088600000| Untracked 
| 135|0x0000000088700000, 0x0000000088700000, 0x0000000088800000|  0%| F|  |TAMS 0x0000000088700000, 0x0000000088700000| Untracked 
| 136|0x0000000088800000, 0x0000000088800000, 0x0000000088900000|  0%| F|  |TAMS 0x0000000088800000, 0x0000000088800000| Untracked 
| 137|0x0000000088900000, 0x0000000088900000, 0x0000000088a00000|  0%| F|  |TAMS 0x0000000088900000, 0x0000000088900000| Untracked 
| 138|0x0000000088a00000, 0x0000000088ad91c0, 0x0000000088b00000| 84%| S|CS|TAMS 0x0000000088a00000, 0x0000000088a00000| Complete 
| 139|0x0000000088b00000, 0x0000000088c00000, 0x0000000088c00000|100%| S|CS|TAMS 0x0000000088b00000, 0x0000000088b00000| Complete 
| 140|0x0000000088c00000, 0x0000000088d00000, 0x0000000088d00000|100%| S|CS|TAMS 0x0000000088c00000, 0x0000000088c00000| Complete 
| 141|0x0000000088d00000, 0x0000000088e00000, 0x0000000088e00000|100%| S|CS|TAMS 0x0000000088d00000, 0x0000000088d00000| Complete 
| 142|0x0000000088e00000, 0x0000000088f00000, 0x0000000088f00000|100%| S|CS|TAMS 0x0000000088e00000, 0x0000000088e00000| Complete 
| 143|0x0000000088f00000, 0x0000000089000000, 0x0000000089000000|100%| S|CS|TAMS 0x0000000088f00000, 0x0000000088f00000| Complete 
| 144|0x0000000089000000, 0x0000000089100000, 0x0000000089100000|100%| S|CS|TAMS 0x0000000089000000, 0x0000000089000000| Complete 
| 145|0x0000000089100000, 0x0000000089200000, 0x0000000089200000|100%| S|CS|TAMS 0x0000000089100000, 0x0000000089100000| Complete 
| 146|0x0000000089200000, 0x0000000089300000, 0x0000000089300000|100%| S|CS|TAMS 0x0000000089200000, 0x0000000089200000| Complete 
| 147|0x0000000089300000, 0x0000000089400000, 0x0000000089400000|100%| S|CS|TAMS 0x0000000089300000, 0x0000000089300000| Complete 
| 148|0x0000000089400000, 0x0000000089500000, 0x0000000089500000|100%| S|CS|TAMS 0x0000000089400000, 0x0000000089400000| Complete 
| 149|0x0000000089500000, 0x0000000089500000, 0x0000000089600000|  0%| F|  |TAMS 0x0000000089500000, 0x0000000089500000| Untracked 
| 150|0x0000000089600000, 0x0000000089600000, 0x0000000089700000|  0%| F|  |TAMS 0x0000000089600000, 0x0000000089600000| Untracked 
| 151|0x0000000089700000, 0x0000000089700000, 0x0000000089800000|  0%| F|  |TAMS 0x0000000089700000, 0x0000000089700000| Untracked 
| 152|0x0000000089800000, 0x0000000089800000, 0x0000000089900000|  0%| F|  |TAMS 0x0000000089800000, 0x0000000089800000| Untracked 
| 153|0x0000000089900000, 0x0000000089900000, 0x0000000089a00000|  0%| F|  |TAMS 0x0000000089900000, 0x0000000089900000| Untracked 
| 154|0x0000000089a00000, 0x0000000089a00000, 0x0000000089b00000|  0%| F|  |TAMS 0x0000000089a00000, 0x0000000089a00000| Untracked 
| 155|0x0000000089b00000, 0x0000000089b00000, 0x0000000089c00000|  0%| F|  |TAMS 0x0000000089b00000, 0x0000000089b00000| Untracked 
| 156|0x0000000089c00000, 0x0000000089c00000, 0x0000000089d00000|  0%| F|  |TAMS 0x0000000089c00000, 0x0000000089c00000| Untracked 
| 157|0x0000000089d00000, 0x0000000089d00000, 0x0000000089e00000|  0%| F|  |TAMS 0x0000000089d00000, 0x0000000089d00000| Untracked 
| 158|0x0000000089e00000, 0x0000000089e00000, 0x0000000089f00000|  0%| F|  |TAMS 0x0000000089e00000, 0x0000000089e00000| Untracked 
| 159|0x0000000089f00000, 0x0000000089f00000, 0x000000008a000000|  0%| F|  |TAMS 0x0000000089f00000, 0x0000000089f00000| Untracked 
| 160|0x000000008a000000, 0x000000008a000000, 0x000000008a100000|  0%| F|  |TAMS 0x000000008a000000, 0x000000008a000000| Untracked 
| 161|0x000000008a100000, 0x000000008a100000, 0x000000008a200000|  0%| F|  |TAMS 0x000000008a100000, 0x000000008a100000| Untracked 
| 162|0x000000008a200000, 0x000000008a200000, 0x000000008a300000|  0%| F|  |TAMS 0x000000008a200000, 0x000000008a200000| Untracked 
| 163|0x000000008a300000, 0x000000008a300000, 0x000000008a400000|  0%| F|  |TAMS 0x000000008a300000, 0x000000008a300000| Untracked 
| 164|0x000000008a400000, 0x000000008a400000, 0x000000008a500000|  0%| F|  |TAMS 0x000000008a400000, 0x000000008a400000| Untracked 
| 165|0x000000008a500000, 0x000000008a500000, 0x000000008a600000|  0%| F|  |TAMS 0x000000008a500000, 0x000000008a500000| Untracked 
| 166|0x000000008a600000, 0x000000008a600000, 0x000000008a700000|  0%| F|  |TAMS 0x000000008a600000, 0x000000008a600000| Untracked 
| 167|0x000000008a700000, 0x000000008a700000, 0x000000008a800000|  0%| F|  |TAMS 0x000000008a700000, 0x000000008a700000| Untracked 
| 168|0x000000008a800000, 0x000000008a800000, 0x000000008a900000|  0%| F|  |TAMS 0x000000008a800000, 0x000000008a800000| Untracked 
| 169|0x000000008a900000, 0x000000008a900000, 0x000000008aa00000|  0%| F|  |TAMS 0x000000008a900000, 0x000000008a900000| Untracked 
| 170|0x000000008aa00000, 0x000000008aa00000, 0x000000008ab00000|  0%| F|  |TAMS 0x000000008aa00000, 0x000000008aa00000| Untracked 
| 171|0x000000008ab00000, 0x000000008ab00000, 0x000000008ac00000|  0%| F|  |TAMS 0x000000008ab00000, 0x000000008ab00000| Untracked 
| 172|0x000000008ac00000, 0x000000008ac00000, 0x000000008ad00000|  0%| F|  |TAMS 0x000000008ac00000, 0x000000008ac00000| Untracked 
| 173|0x000000008ad00000, 0x000000008ad00000, 0x000000008ae00000|  0%| F|  |TAMS 0x000000008ad00000, 0x000000008ad00000| Untracked 
| 174|0x000000008ae00000, 0x000000008ae00000, 0x000000008af00000|  0%| F|  |TAMS 0x000000008ae00000, 0x000000008ae00000| Untracked 
| 175|0x000000008af00000, 0x000000008af00000, 0x000000008b000000|  0%| F|  |TAMS 0x000000008af00000, 0x000000008af00000| Untracked 
| 176|0x000000008b000000, 0x000000008b000000, 0x000000008b100000|  0%| F|  |TAMS 0x000000008b000000, 0x000000008b000000| Untracked 
| 177|0x000000008b100000, 0x000000008b100000, 0x000000008b200000|  0%| F|  |TAMS 0x000000008b100000, 0x000000008b100000| Untracked 
| 178|0x000000008b200000, 0x000000008b200000, 0x000000008b300000|  0%| F|  |TAMS 0x000000008b200000, 0x000000008b200000| Untracked 
| 179|0x000000008b300000, 0x000000008b300000, 0x000000008b400000|  0%| F|  |TAMS 0x000000008b300000, 0x000000008b300000| Untracked 
| 180|0x000000008b400000, 0x000000008b400000, 0x000000008b500000|  0%| F|  |TAMS 0x000000008b400000, 0x000000008b400000| Untracked 
| 181|0x000000008b500000, 0x000000008b500000, 0x000000008b600000|  0%| F|  |TAMS 0x000000008b500000, 0x000000008b500000| Untracked 
| 182|0x000000008b600000, 0x000000008b600000, 0x000000008b700000|  0%| F|  |TAMS 0x000000008b600000, 0x000000008b600000| Untracked 
| 183|0x000000008b700000, 0x000000008b700000, 0x000000008b800000|  0%| F|  |TAMS 0x000000008b700000, 0x000000008b700000| Untracked 
| 184|0x000000008b800000, 0x000000008b800000, 0x000000008b900000|  0%| F|  |TAMS 0x000000008b800000, 0x000000008b800000| Untracked 
| 185|0x000000008b900000, 0x000000008b900000, 0x000000008ba00000|  0%| F|  |TAMS 0x000000008b900000, 0x000000008b900000| Untracked 
| 186|0x000000008ba00000, 0x000000008ba00000, 0x000000008bb00000|  0%| F|  |TAMS 0x000000008ba00000, 0x000000008ba00000| Untracked 
| 187|0x000000008bb00000, 0x000000008bb00000, 0x000000008bc00000|  0%| F|  |TAMS 0x000000008bb00000, 0x000000008bb00000| Untracked 
| 188|0x000000008bc00000, 0x000000008bc00000, 0x000000008bd00000|  0%| F|  |TAMS 0x000000008bc00000, 0x000000008bc00000| Untracked 
| 189|0x000000008bd00000, 0x000000008bd00000, 0x000000008be00000|  0%| F|  |TAMS 0x000000008bd00000, 0x000000008bd00000| Untracked 
| 190|0x000000008be00000, 0x000000008be00000, 0x000000008bf00000|  0%| F|  |TAMS 0x000000008be00000, 0x000000008be00000| Untracked 
| 191|0x000000008bf00000, 0x000000008bf00000, 0x000000008c000000|  0%| F|  |TAMS 0x000000008bf00000, 0x000000008bf00000| Untracked 
| 192|0x000000008c000000, 0x000000008c000000, 0x000000008c100000|  0%| F|  |TAMS 0x000000008c000000, 0x000000008c000000| Untracked 
| 193|0x000000008c100000, 0x000000008c100000, 0x000000008c200000|  0%| F|  |TAMS 0x000000008c100000, 0x000000008c100000| Untracked 
| 194|0x000000008c200000, 0x000000008c200000, 0x000000008c300000|  0%| F|  |TAMS 0x000000008c200000, 0x000000008c200000| Untracked 
| 195|0x000000008c300000, 0x000000008c300000, 0x000000008c400000|  0%| F|  |TAMS 0x000000008c300000, 0x000000008c300000| Untracked 
| 196|0x000000008c400000, 0x000000008c400000, 0x000000008c500000|  0%| F|  |TAMS 0x000000008c400000, 0x000000008c400000| Untracked 
| 197|0x000000008c500000, 0x000000008c500000, 0x000000008c600000|  0%| F|  |TAMS 0x000000008c500000, 0x000000008c500000| Untracked 
| 198|0x000000008c600000, 0x000000008c600000, 0x000000008c700000|  0%| F|  |TAMS 0x000000008c600000, 0x000000008c600000| Untracked 
| 199|0x000000008c700000, 0x000000008c700000, 0x000000008c800000|  0%| F|  |TAMS 0x000000008c700000, 0x000000008c700000| Untracked 
| 200|0x000000008c800000, 0x000000008c800000, 0x000000008c900000|  0%| F|  |TAMS 0x000000008c800000, 0x000000008c800000| Untracked 
| 201|0x000000008c900000, 0x000000008c900000, 0x000000008ca00000|  0%| F|  |TAMS 0x000000008c900000, 0x000000008c900000| Untracked 
| 202|0x000000008ca00000, 0x000000008ca00000, 0x000000008cb00000|  0%| F|  |TAMS 0x000000008ca00000, 0x000000008ca00000| Untracked 
| 203|0x000000008cb00000, 0x000000008cb00000, 0x000000008cc00000|  0%| F|  |TAMS 0x000000008cb00000, 0x000000008cb00000| Untracked 
| 204|0x000000008cc00000, 0x000000008cc00000, 0x000000008cd00000|  0%| F|  |TAMS 0x000000008cc00000, 0x000000008cc00000| Untracked 
| 205|0x000000008cd00000, 0x000000008cd00000, 0x000000008ce00000|  0%| F|  |TAMS 0x000000008cd00000, 0x000000008cd00000| Untracked 
| 206|0x000000008ce00000, 0x000000008ce00000, 0x000000008cf00000|  0%| F|  |TAMS 0x000000008ce00000, 0x000000008ce00000| Untracked 
| 207|0x000000008cf00000, 0x000000008cf00000, 0x000000008d000000|  0%| F|  |TAMS 0x000000008cf00000, 0x000000008cf00000| Untracked 
| 208|0x000000008d000000, 0x000000008d000000, 0x000000008d100000|  0%| F|  |TAMS 0x000000008d000000, 0x000000008d000000| Untracked 
| 209|0x000000008d100000, 0x000000008d100000, 0x000000008d200000|  0%| F|  |TAMS 0x000000008d100000, 0x000000008d100000| Untracked 
| 210|0x000000008d200000, 0x000000008d200000, 0x000000008d300000|  0%| F|  |TAMS 0x000000008d200000, 0x000000008d200000| Untracked 
| 211|0x000000008d300000, 0x000000008d300000, 0x000000008d400000|  0%| F|  |TAMS 0x000000008d300000, 0x000000008d300000| Untracked 
| 212|0x000000008d400000, 0x000000008d400000, 0x000000008d500000|  0%| F|  |TAMS 0x000000008d400000, 0x000000008d400000| Untracked 
| 213|0x000000008d500000, 0x000000008d500000, 0x000000008d600000|  0%| F|  |TAMS 0x000000008d500000, 0x000000008d500000| Untracked 
| 214|0x000000008d600000, 0x000000008d600000, 0x000000008d700000|  0%| F|  |TAMS 0x000000008d600000, 0x000000008d600000| Untracked 
| 215|0x000000008d700000, 0x000000008d700000, 0x000000008d800000|  0%| F|  |TAMS 0x000000008d700000, 0x000000008d700000| Untracked 
| 216|0x000000008d800000, 0x000000008d800000, 0x000000008d900000|  0%| F|  |TAMS 0x000000008d800000, 0x000000008d800000| Untracked 
| 217|0x000000008d900000, 0x000000008d900000, 0x000000008da00000|  0%| F|  |TAMS 0x000000008d900000, 0x000000008d900000| Untracked 
| 218|0x000000008da00000, 0x000000008da00000, 0x000000008db00000|  0%| F|  |TAMS 0x000000008da00000, 0x000000008da00000| Untracked 
| 219|0x000000008db00000, 0x000000008db00000, 0x000000008dc00000|  0%| F|  |TAMS 0x000000008db00000, 0x000000008db00000| Untracked 
| 220|0x000000008dc00000, 0x000000008dc00000, 0x000000008dd00000|  0%| F|  |TAMS 0x000000008dc00000, 0x000000008dc00000| Untracked 
| 221|0x000000008dd00000, 0x000000008dd00000, 0x000000008de00000|  0%| F|  |TAMS 0x000000008dd00000, 0x000000008dd00000| Untracked 
| 222|0x000000008de00000, 0x000000008de00000, 0x000000008df00000|  0%| F|  |TAMS 0x000000008de00000, 0x000000008de00000| Untracked 
| 223|0x000000008df00000, 0x000000008df00000, 0x000000008e000000|  0%| F|  |TAMS 0x000000008df00000, 0x000000008df00000| Untracked 
| 224|0x000000008e000000, 0x000000008e000000, 0x000000008e100000|  0%| F|  |TAMS 0x000000008e000000, 0x000000008e000000| Untracked 
| 225|0x000000008e100000, 0x000000008e100000, 0x000000008e200000|  0%| F|  |TAMS 0x000000008e100000, 0x000000008e100000| Untracked 
| 226|0x000000008e200000, 0x000000008e200000, 0x000000008e300000|  0%| F|  |TAMS 0x000000008e200000, 0x000000008e200000| Untracked 
| 227|0x000000008e300000, 0x000000008e300000, 0x000000008e400000|  0%| F|  |TAMS 0x000000008e300000, 0x000000008e300000| Untracked 
| 228|0x000000008e400000, 0x000000008e400000, 0x000000008e500000|  0%| F|  |TAMS 0x000000008e400000, 0x000000008e400000| Untracked 
| 229|0x000000008e500000, 0x000000008e500000, 0x000000008e600000|  0%| F|  |TAMS 0x000000008e500000, 0x000000008e500000| Untracked 
| 230|0x000000008e600000, 0x000000008e600000, 0x000000008e700000|  0%| F|  |TAMS 0x000000008e600000, 0x000000008e600000| Untracked 
| 231|0x000000008e700000, 0x000000008e700000, 0x000000008e800000|  0%| F|  |TAMS 0x000000008e700000, 0x000000008e700000| Untracked 
| 232|0x000000008e800000, 0x000000008e800000, 0x000000008e900000|  0%| F|  |TAMS 0x000000008e800000, 0x000000008e800000| Untracked 
| 233|0x000000008e900000, 0x000000008e900000, 0x000000008ea00000|  0%| F|  |TAMS 0x000000008e900000, 0x000000008e900000| Untracked 
| 234|0x000000008ea00000, 0x000000008ea00000, 0x000000008eb00000|  0%| F|  |TAMS 0x000000008ea00000, 0x000000008ea00000| Untracked 
| 235|0x000000008eb00000, 0x000000008eb00000, 0x000000008ec00000|  0%| F|  |TAMS 0x000000008eb00000, 0x000000008eb00000| Untracked 
| 236|0x000000008ec00000, 0x000000008ec00000, 0x000000008ed00000|  0%| F|  |TAMS 0x000000008ec00000, 0x000000008ec00000| Untracked 
| 237|0x000000008ed00000, 0x000000008ed00000, 0x000000008ee00000|  0%| F|  |TAMS 0x000000008ed00000, 0x000000008ed00000| Untracked 
| 238|0x000000008ee00000, 0x000000008ee00000, 0x000000008ef00000|  0%| F|  |TAMS 0x000000008ee00000, 0x000000008ee00000| Untracked 
| 239|0x000000008ef00000, 0x000000008ef00000, 0x000000008f000000|  0%| F|  |TAMS 0x000000008ef00000, 0x000000008ef00000| Untracked 
| 240|0x000000008f000000, 0x000000008f000000, 0x000000008f100000|  0%| F|  |TAMS 0x000000008f000000, 0x000000008f000000| Untracked 
| 241|0x000000008f100000, 0x000000008f100000, 0x000000008f200000|  0%| F|  |TAMS 0x000000008f100000, 0x000000008f100000| Untracked 
| 242|0x000000008f200000, 0x000000008f200000, 0x000000008f300000|  0%| F|  |TAMS 0x000000008f200000, 0x000000008f200000| Untracked 
| 243|0x000000008f300000, 0x000000008f300000, 0x000000008f400000|  0%| F|  |TAMS 0x000000008f300000, 0x000000008f300000| Untracked 
| 244|0x000000008f400000, 0x000000008f400000, 0x000000008f500000|  0%| F|  |TAMS 0x000000008f400000, 0x000000008f400000| Untracked 
| 245|0x000000008f500000, 0x000000008f500000, 0x000000008f600000|  0%| F|  |TAMS 0x000000008f500000, 0x000000008f500000| Untracked 
| 246|0x000000008f600000, 0x000000008f600000, 0x000000008f700000|  0%| F|  |TAMS 0x000000008f600000, 0x000000008f600000| Untracked 
| 247|0x000000008f700000, 0x000000008f700000, 0x000000008f800000|  0%| F|  |TAMS 0x000000008f700000, 0x000000008f700000| Untracked 
| 248|0x000000008f800000, 0x000000008f800000, 0x000000008f900000|  0%| F|  |TAMS 0x000000008f800000, 0x000000008f800000| Untracked 
| 249|0x000000008f900000, 0x000000008f900000, 0x000000008fa00000|  0%| F|  |TAMS 0x000000008f900000, 0x000000008f900000| Untracked 
| 250|0x000000008fa00000, 0x000000008fa33ec8, 0x000000008fb00000| 20%| E|  |TAMS 0x000000008fa00000, 0x000000008fa00000| Complete 
| 251|0x000000008fb00000, 0x000000008fc00000, 0x000000008fc00000|100%| E|CS|TAMS 0x000000008fb00000, 0x000000008fb00000| Complete 
| 252|0x000000008fc00000, 0x000000008fd00000, 0x000000008fd00000|100%| E|CS|TAMS 0x000000008fc00000, 0x000000008fc00000| Complete 
| 253|0x000000008fd00000, 0x000000008fe00000, 0x000000008fe00000|100%| E|CS|TAMS 0x000000008fd00000, 0x000000008fd00000| Complete 
| 254|0x000000008fe00000, 0x000000008ff00000, 0x000000008ff00000|100%| E|CS|TAMS 0x000000008fe00000, 0x000000008fe00000| Complete 
| 255|0x000000008ff00000, 0x0000000090000000, 0x0000000090000000|100%| E|CS|TAMS 0x000000008ff00000, 0x000000008ff00000| Complete 

Card table byte_map: [0x0000027093730000,0x0000027093b30000] _byte_map_base: 0x0000027093330000

Marking Bits (Prev, Next): (CMBitMap*) 0x00000270ff0faf88, (CMBitMap*) 0x00000270ff0fafc0
 Prev Bits: [0x0000027093f30000, 0x0000027095f30000)
 Next Bits: [0x0000027095f30000, 0x0000027097f30000)

Polling page: 0x0000027080000000

Metaspace:

Usage:
  Non-class:     38.42 MB capacity,    37.74 MB ( 98%) used,   595.46 KB (  2%) free+waste,    97.06 KB ( <1%) overhead. 
      Class:      5.91 MB capacity,     5.54 MB ( 94%) used,   331.55 KB (  5%) free+waste,    46.38 KB ( <1%) overhead. 
       Both:     44.33 MB capacity,    43.28 MB ( 98%) used,   927.02 KB (  2%) free+waste,   143.44 KB ( <1%) overhead. 

Virtual space:
  Non-class space:       40.00 MB reserved,      38.50 MB ( 96%) committed 
      Class space:        1.00 GB reserved,       6.00 MB ( <1%) committed 
             Both:        1.04 GB reserved,      44.50 MB (  4%) committed 

Chunk freelists:
   Non-Class:  22.00 KB
       Class:  0 bytes
        Both:  22.00 KB

MaxMetaspaceSize: 17179869184.00 GB
CompressedClassSpaceSize: 1.00 GB

CodeHeap 'non-profiled nmethods': size=120000Kb used=2321Kb max_used=2321Kb free=117678Kb
 bounds [0x000002708b390000, 0x000002708b600000, 0x00000270928c0000]
CodeHeap 'profiled nmethods': size=120000Kb used=7931Kb max_used=7931Kb free=112068Kb
 bounds [0x0000027083e60000, 0x0000027084630000, 0x000002708b390000]
CodeHeap 'non-nmethods': size=5760Kb used=2198Kb max_used=2241Kb free=3561Kb
 bounds [0x00000270838c0000, 0x0000027083b30000, 0x0000027083e60000]
 total_blobs=4856 nmethods=4095 adapters=671
 compilation: enabled
              stopped_count=0, restarted_count=0
 full_count=0

Compilation events (20 events):
Event: 133.667 Thread 0x000002709b2e5800 nmethod 4288 0x000002708461cc90 code [0x000002708461ce40, 0x000002708461cf98]
Event: 133.667 Thread 0x000002709b2e5800 4289       3       org.gradle.internal.operations.DefaultBuildOperationRunner::assertParentRunning (47 bytes)
Event: 133.669 Thread 0x000002709b2e5800 nmethod 4289 0x000002708461d010 code [0x000002708461d2e0, 0x000002708461e228]
Event: 133.669 Thread 0x000002709b2e5800 4290       3       org.gradle.internal.operations.CurrentBuildOperationRef::set (23 bytes)
Event: 133.669 Thread 0x000002709b2e5800 nmethod 4290 0x000002708461e710 code [0x000002708461e8e0, 0x000002708461ebb8]
Event: 134.370 Thread 0x000002709b2e5800 4291       3       com.google.common.cache.LocalCache::unset (4 bytes)
Event: 134.370 Thread 0x000002709b2e5800 nmethod 4291 0x000002708461ec90 code [0x000002708461ee40, 0x000002708461ef38]
Event: 134.515 Thread 0x000002709b2e5800 4292       3       org.gradle.internal.operations.DefaultBuildOperationRunner::access$400 (4 bytes)
Event: 134.515 Thread 0x000002709b2e5800 nmethod 4292 0x000002708461f010 code [0x000002708461f1c0, 0x000002708461f2b8]
Event: 134.515 Thread 0x000002709b2e5800 4293       3       org.gradle.cache.internal.filelock.DefaultLockStateSerializer$SequenceNumberLockState::<init> (21 bytes)
Event: 134.515 Thread 0x000002709b2e5800 nmethod 4293 0x000002708461f390 code [0x000002708461f540, 0x000002708461f698]
Event: 135.042 Thread 0x000002709b2e5800 4295       1       org.gradle.internal.operations.DefaultBuildOperationRunner$DefaultBuildOperationContext::setResult (6 bytes)
Event: 135.042 Thread 0x000002709b2e5800 nmethod 4295 0x000002708b5d0290 code [0x000002708b5d0440, 0x000002708b5d0538]
Event: 135.042 Thread 0x000002709b2e5800 4296       1       org.gradle.internal.operations.DefaultBuildOperationRunner$DefaultBuildOperationContext::getStatus (5 bytes)
Event: 135.042 Thread 0x000002709b2d4800 4299       4       java.util.concurrent.locks.ReentrantLock::lock (9 bytes)
Event: 135.042 Thread 0x000002709b2e5800 nmethod 4296 0x000002708b5d0590 code [0x000002708b5d0740, 0x000002708b5d07f8]
Event: 135.042 Thread 0x000002709b2e5800 4297       1       org.gradle.internal.operations.DefaultBuildOperationRunner$DefaultBuildOperationContext::getResult (5 bytes)
Event: 135.043 Thread 0x000002709b2e5800 nmethod 4297 0x000002708b5d0890 code [0x000002708b5d0a40, 0x000002708b5d0af8]
Event: 135.043 Thread 0x000002709b2e5800 4298       1       org.gradle.tooling.internal.provider.runner.SubtreeFilteringBuildOperationListener::isEnabled (5 bytes)
Event: 135.043 Thread 0x000002709b2e5800 nmethod 4298 0x000002708b5d0b90 code [0x000002708b5d0d40, 0x000002708b5d0df8]

GC Heap History (10 events):
Event: 0.901 GC heap before
{Heap before GC invocations=0 (full 0):
 garbage-first heap   total 262144K, used 29696K [0x0000000080000000, 0x0000000100000000)
  region size 1024K, 24 young (24576K), 0 survivors (0K)
 Metaspace       used 10389K, capacity 10580K, committed 10752K, reserved 1058816K
  class space    used 1098K, capacity 1164K, committed 1280K, reserved 1048576K
}
Event: 0.903 GC heap after
{Heap after GC invocations=1 (full 0):
 garbage-first heap   total 262144K, used 8507K [0x0000000080000000, 0x0000000100000000)
  region size 1024K, 3 young (3072K), 3 survivors (3072K)
 Metaspace       used 10389K, capacity 10580K, committed 10752K, reserved 1058816K
  class space    used 1098K, capacity 1164K, committed 1280K, reserved 1048576K
}
Event: 5.063 GC heap before
{Heap before GC invocations=1 (full 0):
 garbage-first heap   total 262144K, used 92475K [0x0000000080000000, 0x0000000100000000)
  region size 1024K, 87 young (89088K), 3 survivors (3072K)
 Metaspace       used 20626K, capacity 21109K, committed 21248K, reserved 1067008K
  class space    used 2531K, capacity 2710K, committed 2816K, reserved 1048576K
}
Event: 5.072 GC heap after
{Heap after GC invocations=2 (full 0):
 garbage-first heap   total 262144K, used 16035K [0x0000000080000000, 0x0000000100000000)
  region size 1024K, 11 young (11264K), 11 survivors (11264K)
 Metaspace       used 20626K, capacity 21109K, committed 21248K, reserved 1067008K
  class space    used 2531K, capacity 2710K, committed 2816K, reserved 1048576K
}
Event: 14.901 GC heap before
{Heap before GC invocations=3 (full 0):
 garbage-first heap   total 262144K, used 48803K [0x0000000080000000, 0x0000000100000000)
  region size 1024K, 43 young (44032K), 11 survivors (11264K)
 Metaspace       used 24317K, capacity 24872K, committed 25216K, reserved 1071104K
  class space    used 3118K, capacity 3329K, committed 3456K, reserved 1048576K
}
Event: 14.909 GC heap after
{Heap after GC invocations=4 (full 0):
 garbage-first heap   total 262144K, used 18223K [0x0000000080000000, 0x0000000100000000)
  region size 1024K, 2 young (2048K), 2 survivors (2048K)
 Metaspace       used 24317K, capacity 24872K, committed 25216K, reserved 1071104K
  class space    used 3118K, capacity 3329K, committed 3456K, reserved 1048576K
}
Event: 56.867 GC heap before
{Heap before GC invocations=4 (full 0):
 garbage-first heap   total 262144K, used 81711K [0x0000000080000000, 0x0000000100000000)
  region size 1024K, 66 young (67584K), 2 survivors (2048K)
 Metaspace       used 35075K, capacity 35772K, committed 35840K, reserved 1081344K
  class space    used 4560K, capacity 4854K, committed 4864K, reserved 1048576K
}
Event: 56.886 GC heap after
{Heap after GC invocations=5 (full 0):
 garbage-first heap   total 262144K, used 21599K [0x0000000080000000, 0x0000000100000000)
  region size 1024K, 6 young (6144K), 6 survivors (6144K)
 Metaspace       used 35075K, capacity 35772K, committed 35840K, reserved 1081344K
  class space    used 4560K, capacity 4854K, committed 4864K, reserved 1048576K
}
Event: 108.957 GC heap before
{Heap before GC invocations=6 (full 0):
 garbage-first heap   total 262144K, used 128095K [0x0000000080000000, 0x0000000100000000)
  region size 1024K, 107 young (109568K), 6 survivors (6144K)
 Metaspace       used 44225K, capacity 45262K, committed 45568K, reserved 1089536K
  class space    used 5672K, capacity 6053K, committed 6144K, reserved 1048576K
}
Event: 108.992 GC heap after
{Heap after GC invocations=7 (full 0):
 garbage-first heap   total 262144K, used 27314K [0x0000000080000000, 0x0000000100000000)
  region size 1024K, 11 young (11264K), 11 survivors (11264K)
 Metaspace       used 44225K, capacity 45262K, committed 45568K, reserved 1089536K
  class space    used 5672K, capacity 6053K, committed 6144K, reserved 1048576K
}

Deoptimization events (20 events):
Event: 100.528 Thread 0x000002709dccb000 DEOPT PACKING pc=0x000002708b565018 sp=0x000000c5470fd8d0
Event: 100.528 Thread 0x000002709dccb000 DEOPT UNPACKING pc=0x00000270838e74af sp=0x000000c5470fd888 mode 2
Event: 100.536 Thread 0x000002709dccf000 Uncommon trap: trap_request=0xffffff4d fr.pc=0x000002708b57173c relative=0x000000000000047c
Event: 100.536 Thread 0x000002709dccf000 Uncommon trap: reason=unstable_if action=reinterpret pc=0x000002708b57173c method=java.util.concurrent.locks.AbstractQueuedSynchronizer$ConditionObject.addConditionWaiter()Ljava/util/concurrent/locks/AbstractQueuedSynchronizer$Node; @ 33 c2
Event: 100.536 Thread 0x000002709dccf000 DEOPT PACKING pc=0x000002708b57173c sp=0x000000c54a2fdcb0
Event: 100.536 Thread 0x000002709dccf000 DEOPT UNPACKING pc=0x00000270838e74af sp=0x000000c54a2fdc68 mode 2
Event: 100.536 Thread 0x000002709dccf000 Uncommon trap: trap_request=0xffffff4d fr.pc=0x000002708b4cc2dc relative=0x000000000000013c
Event: 100.536 Thread 0x000002709dccf000 Uncommon trap: reason=unstable_if action=reinterpret pc=0x000002708b4cc2dc method=java.util.concurrent.locks.AbstractQueuedSynchronizer.release(I)Z @ 21 c2
Event: 100.536 Thread 0x000002709dccf000 DEOPT PACKING pc=0x000002708b4cc2dc sp=0x000000c54a2fdc40
Event: 100.536 Thread 0x000002709dccf000 DEOPT UNPACKING pc=0x00000270838e74af sp=0x000000c54a2fdc08 mode 2
Event: 100.925 Thread 0x000002709dcd1800 Uncommon trap: trap_request=0xffffff4d fr.pc=0x000002708b58eacc relative=0x0000000000000b2c
Event: 100.925 Thread 0x000002709dcd1800 Uncommon trap: reason=unstable_if action=reinterpret pc=0x000002708b58eacc method=com.esotericsoftware.kryo.io.Input.readUtf8Length(I)I @ 9 c2
Event: 100.925 Thread 0x000002709dcd1800 DEOPT PACKING pc=0x000002708b58eacc sp=0x000000c54a1fd860
Event: 100.925 Thread 0x000002709dcd1800 DEOPT UNPACKING pc=0x00000270838e74af sp=0x000000c54a1fd7b8 mode 2
Event: 103.600 Thread 0x000002709eef2000 DEOPT PACKING pc=0x000002708416ef5a sp=0x000000c5498fe350
Event: 103.600 Thread 0x000002709eef2000 DEOPT UNPACKING pc=0x00000270838e72ce sp=0x000000c5498fd7e8 mode 0
Event: 111.318 Thread 0x000002709dccc000 Uncommon trap: trap_request=0xffffffcc fr.pc=0x000002708b5c3d94 relative=0x00000000000010d4
Event: 111.319 Thread 0x000002709dccc000 Uncommon trap: reason=intrinsic_or_type_checked_inlining action=make_not_entrant pc=0x000002708b5c3d94 method=java.util.ArrayList.toArray([Ljava/lang/Object;)[Ljava/lang/Object; @ 36 c2
Event: 111.319 Thread 0x000002709dccc000 DEOPT PACKING pc=0x000002708b5c3d94 sp=0x000000c5493fe190
Event: 111.319 Thread 0x000002709dccc000 DEOPT UNPACKING pc=0x00000270838e74af sp=0x000000c5493fe0f0 mode 2

Classes redefined (0 events):
No events

Internal exceptions (20 events):
Event: 75.150 Thread 0x000002709b8cf000 Exception <a 'java/lang/ClassNotFoundException'{0x000000008c58dc48}: org/gradle/api/internal/artifacts/dsl/dependencies/DefaultDependencyHandler_DecoratedCustomizer> (0x000000008c58dc48) thrown at [./src/hotspot/share/classfile/systemDictionary.cpp, line 231]
Event: 75.171 Thread 0x000002709b8cf000 Exception <a 'java/lang/ClassNotFoundException'{0x000000008c30f838}: groovy/lang/GString$1BeanInfo> (0x000000008c30f838) thrown at [./src/hotspot/share/classfile/systemDictionary.cpp, line 231]
Event: 75.172 Thread 0x000002709b8cf000 Exception <a 'java/lang/ClassNotFoundException'{0x000000008c32b448}: groovy/lang/GStringBeanInfo> (0x000000008c32b448) thrown at [./src/hotspot/share/classfile/systemDictionary.cpp, line 231]
Event: 75.173 Thread 0x000002709b8cf000 Exception <a 'java/lang/ClassNotFoundException'{0x000000008c346b10}: groovy/lang/GStringCustomizer> (0x000000008c346b10) thrown at [./src/hotspot/share/classfile/systemDictionary.cpp, line 231]
Event: 75.175 Thread 0x000002709b8cf000 Exception <a 'java/lang/ClassNotFoundException'{0x000000008c36b6e0}: groovy/lang/GString$1Customizer> (0x000000008c36b6e0) thrown at [./src/hotspot/share/classfile/systemDictionary.cpp, line 231]
Event: 75.179 Thread 0x000002709b8cf000 Exception <a 'java/lang/ClassNotFoundException'{0x000000008c3fd698}: org/codehaus/groovy/runtime/GStringImplBeanInfo> (0x000000008c3fd698) thrown at [./src/hotspot/share/classfile/systemDictionary.cpp, line 231]
Event: 75.179 Thread 0x000002709b8cf000 Exception <a 'java/lang/ClassNotFoundException'{0x000000008c21bc48}: org/codehaus/groovy/runtime/GStringImplCustomizer> (0x000000008c21bc48) thrown at [./src/hotspot/share/classfile/systemDictionary.cpp, line 231]
Event: 83.090 Thread 0x000002709b8cf000 Exception <a 'java/lang/NoSuchMethodError'{0x000000008ae4d0a0}: 'java.lang.Object java.lang.invoke.DelegatingMethodHandle$Holder.reinvoke_L(java.lang.Object, java.lang.Object, java.lang.Object, java.lang.Object, java.lang.Object, java.lang.Object, java.lang.Object, java.lang.Object, java.lang.Object, java.lang.Object, java.lang.Object, java.lang.Object, java.lang.Object, java.lang.Object, java.lang.Object, java.lang.Object, java.lang.Object)'> (0x000000008ae4d0a0) thrown at [./src/hotspot/share/interpreter
Event: 83.091 Thread 0x000002709b8cf000 Exception <a 'java/lang/NoSuchMethodError'{0x000000008ae579f0}: 'java.lang.Object java.lang.invoke.Invokers$Holder.invoker(java.lang.Object, java.lang.Object, java.lang.Object, java.lang.Object, java.lang.Object, java.lang.Object, java.lang.Object, java.lang.Object, java.lang.Object, java.lang.Object, java.lang.Object, java.lang.Object, java.lang.Object, java.lang.Object, java.lang.Object, java.lang.Object, java.lang.Object)'> (0x000000008ae579f0) thrown at [./src/hotspot/share/interpreter/linkResolver.cpp
Event: 83.092 Thread 0x000002709b8cf000 Exception <a 'java/lang/NoSuchMethodError'{0x000000008ae5e2f8}: 'java.lang.Object java.lang.invoke.DelegatingMethodHandle$Holder.delegate(java.lang.Object, java.lang.Object, java.lang.Object, java.lang.Object, java.lang.Object, java.lang.Object, java.lang.Object, java.lang.Object, java.lang.Object, java.lang.Object, java.lang.Object, java.lang.Object, java.lang.Object, java.lang.Object, java.lang.Object, java.lang.Object, java.lang.Object)'> (0x000000008ae5e2f8) thrown at [./src/hotspot/share/interpreter/l
Event: 83.149 Thread 0x000002709b8cf000 Exception <a 'java/lang/NoSuchMethodError'{0x000000008aedb738}: 'java.lang.Object java.lang.invoke.DirectMethodHandle$Holder.invokeStatic(java.lang.Object, java.lang.Object, java.lang.Object, java.lang.Object, java.lang.Object, java.lang.Object, java.lang.Object, java.lang.Object, java.lang.Object, java.lang.Object, java.lang.Object, java.lang.Object, java.lang.Object, java.lang.Object, java.lang.Object)'> (0x000000008aedb738) thrown at [./src/hotspot/share/interpreter/linkResolver.cpp, line 773]
Event: 83.163 Thread 0x000002709b8cf000 Exception <a 'java/lang/NoSuchMethodError'{0x000000008aeeabe8}: 'java.lang.Object java.lang.invoke.DirectMethodHandle$Holder.invokeStatic(java.lang.Object, java.lang.Object, java.lang.Object, java.lang.Object, java.lang.Object, java.lang.Object, java.lang.Object, java.lang.Object, java.lang.Object, java.lang.Object, java.lang.Object, java.lang.Object, java.lang.Object, java.lang.Object, java.lang.Object, java.lang.Object)'> (0x000000008aeeabe8) thrown at [./src/hotspot/share/interpreter/linkResolver.cpp, l
Event: 83.179 Thread 0x000002709b8cf000 Exception <a 'java/lang/NoSuchMethodError'{0x000000008aef9d98}: 'java.lang.Object java.lang.invoke.DelegatingMethodHandle$Holder.reinvoke_L(java.lang.Object, java.lang.Object, java.lang.Object, java.lang.Object, java.lang.Object, java.lang.Object, java.lang.Object, java.lang.Object, java.lang.Object, java.lang.Object, java.lang.Object, java.lang.Object, java.lang.Object, java.lang.Object, java.lang.Object, java.lang.Object)'> (0x000000008aef9d98) thrown at [./src/hotspot/share/interpreter/linkResolver.cpp,
Event: 83.977 Thread 0x000002709b8cf000 Exception <a 'java/lang/NoSuchMethodError'{0x000000008abd5648}: 'java.lang.Object java.lang.invoke.DirectMethodHandle$Holder.invokeStatic(java.lang.Object, java.lang.Object, java.lang.Object, int)'> (0x000000008abd5648) thrown at [./src/hotspot/share/interpreter/linkResolver.cpp, line 773]
Event: 83.978 Thread 0x000002709b8cf000 Exception <a 'java/lang/NoSuchMethodError'{0x000000008abd9f08}: 'java.lang.Object java.lang.invoke.DirectMethodHandle$Holder.invokeSpecial(java.lang.Object, java.lang.Object, java.lang.Object, java.lang.Object, int)'> (0x000000008abd9f08) thrown at [./src/hotspot/share/interpreter/linkResolver.cpp, line 773]
Event: 83.978 Thread 0x000002709b8cf000 Exception <a 'java/lang/NoSuchMethodError'{0x000000008abde0e8}: 'java.lang.Object java.lang.invoke.Invokers$Holder.linkToTargetMethod(java.lang.Object, java.lang.Object, int, java.lang.Object)'> (0x000000008abde0e8) thrown at [./src/hotspot/share/interpreter/linkResolver.cpp, line 773]
Event: 84.178 Thread 0x000002709b8cf000 Exception <a 'java/lang/NoSuchMethodError'{0x000000008aa208a8}: 'int java.lang.invoke.DirectMethodHandle$Holder.invokeInterface(java.lang.Object, java.lang.Object)'> (0x000000008aa208a8) thrown at [./src/hotspot/share/interpreter/linkResolver.cpp, line 773]
Event: 84.179 Thread 0x000002709b8cf000 Exception <a 'java/lang/IncompatibleClassChangeError'{0x000000008aa24388}: Found class java.lang.Object, but interface was expected> (0x000000008aa24388) thrown at [./src/hotspot/share/interpreter/linkResolver.cpp, line 839]
Event: 87.959 Thread 0x000002709b8cf000 Exception <a 'java/lang/NoSuchMethodError'{0x000000008a304d08}: 'int java.lang.invoke.DirectMethodHandle$Holder.invokeStaticInit(java.lang.Object)'> (0x000000008a304d08) thrown at [./src/hotspot/share/interpreter/linkResolver.cpp, line 773]
Event: 99.601 Thread 0x000002709b8cf000 Exception <a 'java/lang/NoSuchMethodError'{0x0000000089a6a150}: 'void java.lang.invoke.DirectMethodHandle$Holder.invokeStatic(java.lang.Object, java.lang.Object, java.lang.Object, int, java.lang.Object)'> (0x0000000089a6a150) thrown at [./src/hotspot/share/interpreter/linkResolver.cpp, line 773]

Events (20 events):
Event: 103.601 loading class org/gradle/api/internal/artifacts/DefaultArtifactIdentifier
Event: 103.601 loading class org/gradle/api/internal/artifacts/DefaultArtifactIdentifier done
Event: 103.602 loading class org/gradle/api/internal/artifacts/ivyservice/resolutionstrategy/DefaultCachePolicy$CachedArtifactResolutionControl
Event: 103.602 loading class org/gradle/api/internal/artifacts/ivyservice/resolutionstrategy/DefaultCachePolicy$CachedArtifactResolutionControl done
Event: 103.603 loading class org/gradle/api/internal/artifacts/DownloadArtifactBuildOperationType
Event: 103.603 loading class org/gradle/api/internal/artifacts/DownloadArtifactBuildOperationType done
Event: 103.604 Executing VM operation: BulkRevokeBias
Event: 103.652 Executing VM operation: BulkRevokeBias done
Event: 103.653 loading class org/gradle/api/internal/artifacts/DownloadArtifactBuildOperationType$Result
Event: 103.653 loading class org/gradle/api/internal/artifacts/DownloadArtifactBuildOperationType$Result done
Event: 103.653 loading class org/gradle/api/internal/artifacts/DownloadArtifactBuildOperationType$1
Event: 103.653 loading class org/gradle/api/internal/artifacts/DownloadArtifactBuildOperationType$1 done
Event: 108.957 Executing VM operation: G1CollectForAllocation
Event: 108.992 Executing VM operation: G1CollectForAllocation done
Event: 111.318 Executing VM operation: RevokeBias
Event: 111.319 Executing VM operation: RevokeBias done
Event: 131.420 Executing VM operation: RevokeBias
Event: 131.421 Executing VM operation: RevokeBias done
Event: 131.421 Thread 0x000002709eef3800 Thread exited: 0x000002709eef3800
Event: 134.776 Loaded shared library C:\Program Files\Android\Android Studio\jre\bin\java.dll


Dynamic libraries:
0x00007ff740a40000 - 0x00007ff740a4a000 	C:\Program Files\Android\Android Studio\jre\bin\java.exe
0x00007ff8d88d0000 - 0x00007ff8d8ac5000 	C:\WINDOWS\SYSTEM32\ntdll.dll
0x00007ff8d6fe0000 - 0x00007ff8d709d000 	C:\WINDOWS\System32\KERNEL32.DLL
0x00007ff8d6460000 - 0x00007ff8d6729000 	C:\WINDOWS\System32\KERNELBASE.dll
0x00007ff8d60b0000 - 0x00007ff8d61b0000 	C:\WINDOWS\System32\ucrtbase.dll
0x00007ff8c5e20000 - 0x00007ff8c5e37000 	C:\Program Files\Android\Android Studio\jre\bin\VCRUNTIME140.dll
0x00007ff8c2fc0000 - 0x00007ff8c2fd9000 	C:\Program Files\Android\Android Studio\jre\bin\jli.dll
0x00007ff8d69e0000 - 0x00007ff8d6b80000 	C:\WINDOWS\System32\USER32.dll
0x00007ff8d6380000 - 0x00007ff8d63a2000 	C:\WINDOWS\System32\win32u.dll
0x00007ff8c7d70000 - 0x00007ff8c800a000 	C:\WINDOWS\WinSxS\amd64_microsoft.windows.common-controls_6595b64144ccf1df_6.0.19041.1110_none_60b5254171f9507e\COMCTL32.dll
0x00007ff8d6f10000 - 0x00007ff8d6f3a000 	C:\WINDOWS\System32\GDI32.dll
0x00007ff8d6b80000 - 0x00007ff8d6c1e000 	C:\WINDOWS\System32\msvcrt.dll
0x00007ff8d61e0000 - 0x00007ff8d62eb000 	C:\WINDOWS\System32\gdi32full.dll
0x00007ff8d6730000 - 0x00007ff8d67cd000 	C:\WINDOWS\System32\msvcp_win.dll
0x00007ff8d7100000 - 0x00007ff8d7130000 	C:\WINDOWS\System32\IMM32.DLL
0x00007ff8b00c0000 - 0x00007ff8b015d000 	C:\Program Files\Android\Android Studio\jre\bin\msvcp140.dll
0x00007ff89e220000 - 0x00007ff89ecdc000 	C:\Program Files\Android\Android Studio\jre\bin\server\jvm.dll
0x00007ff8d6930000 - 0x00007ff8d69dc000 	C:\WINDOWS\System32\ADVAPI32.dll
0x00007ff8d7e20000 - 0x00007ff8d7ebb000 	C:\WINDOWS\System32\sechost.dll
0x00007ff8d72e0000 - 0x00007ff8d740a000 	C:\WINDOWS\System32\RPCRT4.dll
0x00007ff8d7890000 - 0x00007ff8d7898000 	C:\WINDOWS\System32\PSAPI.DLL
0x00007ff8c3720000 - 0x00007ff8c3729000 	C:\WINDOWS\SYSTEM32\WSOCK32.dll
0x00007ff8c95e0000 - 0x00007ff8c9607000 	C:\WINDOWS\SYSTEM32\WINMM.dll
0x00007ff8cec50000 - 0x00007ff8cec5a000 	C:\WINDOWS\SYSTEM32\VERSION.dll
0x00007ff8d7db0000 - 0x00007ff8d7e1b000 	C:\WINDOWS\System32\WS2_32.dll
0x00007ff8d48b0000 - 0x00007ff8d48c2000 	C:\WINDOWS\SYSTEM32\kernel.appcore.dll
0x00007ff8c64c0000 - 0x00007ff8c64d1000 	C:\Program Files\Android\Android Studio\jre\bin\verify.dll
0x00007ff8c3830000 - 0x00007ff8c3a14000 	C:\WINDOWS\SYSTEM32\DBGHELP.DLL
0x00007ff8c3800000 - 0x00007ff8c382c000 	C:\WINDOWS\SYSTEM32\dbgcore.DLL
0x00007ff8d62f0000 - 0x00007ff8d6373000 	C:\WINDOWS\System32\bcryptPrimitives.dll
0x00007ff8b4840000 - 0x00007ff8b4869000 	C:\Program Files\Android\Android Studio\jre\bin\java.dll
0x00007ff8ca190000 - 0x00007ff8ca19b000 	C:\Program Files\Android\Android Studio\jre\bin\jimage.dll
0x00007ff8c0f30000 - 0x00007ff8c0f48000 	C:\Program Files\Android\Android Studio\jre\bin\zip.dll
0x00007ff8d80d0000 - 0x00007ff8d880f000 	C:\WINDOWS\System32\SHELL32.dll
0x00007ff8d3f00000 - 0x00007ff8d4690000 	C:\WINDOWS\SYSTEM32\windows.storage.dll
0x00007ff8d78a0000 - 0x00007ff8d7bf5000 	C:\WINDOWS\System32\combase.dll
0x00007ff8d59f0000 - 0x00007ff8d5a1c000 	C:\WINDOWS\SYSTEM32\Wldp.dll
0x00007ff8d6da0000 - 0x00007ff8d6e4e000 	C:\WINDOWS\System32\SHCORE.dll
0x00007ff8d70a0000 - 0x00007ff8d70f5000 	C:\WINDOWS\System32\shlwapi.dll
0x00007ff8d5f40000 - 0x00007ff8d5f5f000 	C:\WINDOWS\SYSTEM32\profapi.dll
0x00007ff8b4a50000 - 0x00007ff8b4a6a000 	C:\Program Files\Android\Android Studio\jre\bin\net.dll
0x00007ff8c8840000 - 0x00007ff8c8948000 	C:\WINDOWS\SYSTEM32\WINHTTP.dll
0x00007ff8d5750000 - 0x00007ff8d57ba000 	C:\WINDOWS\system32\mswsock.dll
0x00007ff8b3db0000 - 0x00007ff8b3dc4000 	C:\Program Files\Android\Android Studio\jre\bin\nio.dll
0x00007ff8cb390000 - 0x00007ff8cb3b7000 	C:\Users\Vussan\.gradle\native\fdc75f09e3144964f2cf3f50f0aa648679c211496f362492102eb8c894070792\windows-amd64\native-platform.dll
0x00007ff8c2fe0000 - 0x00007ff8c3176000 	C:\Users\Vussan\.gradle\native\12488b8bf47d2d4c9fbf2f6322a914ad602e24e48041cd04a747c6da556b65c4\windows-amd64\native-platform-file-events.dll
0x00007ff8c8ee0000 - 0x00007ff8c8eea000 	C:\Program Files\Android\Android Studio\jre\bin\management.dll
0x00007ff8c7450000 - 0x00007ff8c745c000 	C:\Program Files\Android\Android Studio\jre\bin\management_ext.dll
0x00007ff8d5950000 - 0x00007ff8d5968000 	C:\WINDOWS\SYSTEM32\CRYPTSP.dll
0x00007ff8d5070000 - 0x00007ff8d50a4000 	C:\WINDOWS\system32\rsaenh.dll
0x00007ff8d61b0000 - 0x00007ff8d61d7000 	C:\WINDOWS\System32\bcrypt.dll
0x00007ff8d5ec0000 - 0x00007ff8d5eee000 	C:\WINDOWS\SYSTEM32\USERENV.dll
0x00007ff8d5940000 - 0x00007ff8d594c000 	C:\WINDOWS\SYSTEM32\CRYPTBASE.dll
0x00007ff8d53e0000 - 0x00007ff8d541b000 	C:\WINDOWS\SYSTEM32\IPHLPAPI.DLL
0x00007ff8d6f00000 - 0x00007ff8d6f08000 	C:\WINDOWS\System32\NSI.dll
0x00007ff8cef30000 - 0x00007ff8cef47000 	C:\WINDOWS\SYSTEM32\dhcpcsvc6.DLL
0x00007ff8cf6d0000 - 0x00007ff8cf6ed000 	C:\WINDOWS\SYSTEM32\dhcpcsvc.DLL
0x00007ff8d5420000 - 0x00007ff8d54ec000 	C:\WINDOWS\SYSTEM32\DNSAPI.dll
0x00007ff8d0690000 - 0x00007ff8d069b000 	C:\WINDOWS\SYSTEM32\WINNSI.DLL

dbghelp: loaded successfully - version: 4.0.5 - missing functions: none
symbol engine: initialized successfully - sym options: 0x614 - pdb path: .;C:\Program Files\Android\Android Studio\jre\bin;C:\WINDOWS\SYSTEM32;C:\WINDOWS\WinSxS\amd64_microsoft.windows.common-controls_6595b64144ccf1df_6.0.19041.1110_none_60b5254171f9507e;C:\Program Files\Android\Android Studio\jre\bin\server;C:\Users\Vussan\.gradle\native\fdc75f09e3144964f2cf3f50f0aa648679c211496f362492102eb8c894070792\windows-amd64;C:\Users\Vussan\.gradle\native\12488b8bf47d2d4c9fbf2f6322a914ad602e24e48041cd04a747c6da556b65c4\windows-amd64

VM Arguments:
jvm_args: --add-opens=java.base/java.util=ALL-UNNAMED --add-opens=java.base/java.lang=ALL-UNNAMED --add-opens=java.base/java.lang.invoke=ALL-UNNAMED --add-opens=java.prefs/java.util.prefs=ALL-UNNAMED -Xmx2048m -Dfile.encoding=UTF-8 -Duser.country=US -Duser.language=en -Duser.variant 
java_command: org.gradle.launcher.daemon.bootstrap.GradleDaemon 6.7.1
java_class_path (initial): C:\Users\Vussan\.gradle\wrapper\dists\gradle-6.7.1-bin\bwlcbys1h7rz3272sye1xwiv6\gradle-6.7.1\lib\gradle-launcher-6.7.1.jar
Launcher Type: SUN_STANDARD

[Global flags]
     intx CICompilerCount                          = 4                                         {product} {ergonomic}
     uint ConcGCThreads                            = 2                                         {product} {ergonomic}
     uint G1ConcRefinementThreads                  = 8                                         {product} {ergonomic}
   size_t G1HeapRegionSize                         = 1048576                                   {product} {ergonomic}
    uintx GCDrainStackTargetSize                   = 64                                        {product} {ergonomic}
   size_t InitialHeapSize                          = 268435456                                 {product} {ergonomic}
   size_t MarkStackSize                            = 4194304                                   {product} {ergonomic}
   size_t MaxHeapSize                              = 2147483648                                {product} {command line}
   size_t MaxNewSize                               = 1287651328                                {product} {ergonomic}
   size_t MinHeapDeltaBytes                        = 1048576                                   {product} {ergonomic}
    uintx NonNMethodCodeHeapSize                   = 5836300                                {pd product} {ergonomic}
    uintx NonProfiledCodeHeapSize                  = 122910970                              {pd product} {ergonomic}
    uintx ProfiledCodeHeapSize                     = 122910970                              {pd product} {ergonomic}
    uintx ReservedCodeCacheSize                    = 251658240                              {pd product} {ergonomic}
     bool SegmentedCodeCache                       = true                                      {product} {ergonomic}
     bool UseCompressedClassPointers               = true                                 {lp64_product} {ergonomic}
     bool UseCompressedOops                        = true                                 {lp64_product} {ergonomic}
     bool UseG1GC                                  = true                                      {product} {ergonomic}
     bool UseLargePagesIndividualAllocation        = false                                  {pd product} {ergonomic}

Logging:
Log output configuration:
 #0: stdout all=warning uptime,level,tags
 #1: stderr all=off uptime,level,tags

Environment Variables:
PATH=C:\Program Files\Microsoft MPI\Bin\;C:\Program Files (x86)\Common Files\Oracle\Java\javapath;C:\WINDOWS\system32;C:\WINDOWS;C:\WINDOWS\System32\Wbem;C:\WINDOWS\System32\WindowsPowerShell\v1.0\;C:\WINDOWS\System32\OpenSSH\;C:\Program Files\Git\cmd;;C:\Program Files\Microsoft VS Code\bin;C:\xampp\php;C:\ProgramData\ComposerSetup\bin;C:\Program Files\dotnet\;C:\Program Files (x86)\Microsoft SQL Server\140\Tools\Binn\;C:\Program Files (x86)\Microsoft SQL Server\140\DTS\Binn\;C:\Program Files\Microsoft SQL Server\Client SDK\ODBC\130\Tools\Binn\;C:\Program Files\Microsoft SQL Server\140\Tools\Binn\;C:\Program Files\Microsoft SQL Server\140\DTS\Binn\;C:\Program Files (x86)\Yarn\bin\;C:\Program Files\nodejs\;C:\Users\Vussan\AppData\Local\Microsoft\WindowsApps;C:\Program Files\Microsoft VS Code\bin;C:\Users\Vussan\AppData\Local\Programs\Microsoft VS Code\bin;C:\Program Files\Java\jdk1.8.0_191\bin;C:\Users\Vussan\AppData\Local\Programs\Python\Python35;C:\Users\Vussan\AppData\Local\Programs\Python\Python35\Scripts;C:\Users\Vussan\AppData\Roaming\Composer\vendor\bin;C:\xampp\php\PEAR;C:\Users\Vussan\Downloads\platform-tools;K:\work\flutter_sdk\flutter\bin;C:\Users\Vussan\AppData\Local\Android\Sdk\platform-tools;C:\Program Files\ejabberd-20.01\bin;K:\software\bin;C:\Users\Vussan\AppData\Local\Yarn\bin;C:\Users\Vussan\AppData\Roaming\npm
USERNAME=Vussan
OS=Windows_NT
PROCESSOR_IDENTIFIER=Intel64 Family 6 Model 60 Stepping 3, GenuineIntel



---------------  S Y S T E M  ---------------

OS: Windows 10 , 64 bit Build 19041 (10.0.19041.1151)
OS uptime: 1 days 1:04 hours

CPU:total 8 (initial active 8) (4 cores per cpu, 2 threads per core) family 6 model 60 stepping 3, cmov, cx8, fxsr, mmx, sse, sse2, sse3, ssse3, sse4.1, sse4.2, popcnt, avx, avx2, aes, clmul, erms, lzcnt, ht, tsc, tscinvbit, bmi1, bmi2, fma

Memory: 4k page, system-wide physical 16300M (91M free)
TotalPageFile size 41849M (AvailPageFile size 128M)
current process WorkingSet (physical memory assigned to process): 236M, peak: 248M
current process commit charge ("private bytes"): 419M, peak: 445M

vm_info: OpenJDK 64-Bit Server VM (11.0.8+10-b944.6842174) for windows-amd64 JRE (11.0.8+10-b944.6842174), built on Sep 19 2020 01:11:42 by "builder" with MS VC++ 14.0 (VS2015)

END.
